Assignments/Assignment 3/RateMyProfessor-master/app/build/outputs/apk/manifest-merger-debug-report.txt
-- Merging decision tree log ---
manifest
ADDED from AndroidManifest.xml:2:1
	package
		ADDED from AndroidManifest.xml:3:5
		INJECTED from AndroidManifest.xml:0:0
		INJECTED from AndroidManifest.xml:0:0
	android:versionName
		ADDED from AndroidManifest.xml:5:5
	android:versionCode
		ADDED from AndroidManifest.xml:4:5
		INJECTED from AndroidManifest.xml:0:0
		INJECTED from AndroidManifest.xml:0:0
	xmlns:android
		ADDED from AndroidManifest.xml:2:11
uses-sdk
ADDED from AndroidManifest.xml:7:5
	android:targetSdkVersion
		INJECTED from AndroidManifest.xml:0:0
		INJECTED from AndroidManifest.xml:0:0
	android:minSdkVersion
		ADDED from AndroidManifest.xml:7:15
		INJECTED from AndroidManifest.xml:0:0
		INJECTED from AndroidManifest.xml:0:0
uses-permission#android.permission.INTERNET
ADDED from AndroidManifest.xml:8:5
	android:name
		ADDED from AndroidManifest.xml:8:22
uses-permission#android.permission.ACCESS_NETWORK_STATE
ADDED from AndroidManifest.xml:9:5
	android:name
		ADDED from AndroidManifest.xml:9:22
application
ADDED from AndroidManifest.xml:11:5
	android:label
		ADDED from AndroidManifest.xml:14:9
	android:debuggable
		ADDED from AndroidManifest.xml:12:9
	android:icon
		ADDED from AndroidManifest.xml:13:9
activity#extended.cs.sdsu.edu.ProfessorListActivity
ADDED from AndroidManifest.xml:15:9
	android:label
		ADDED from AndroidManifest.xml:17:13
	android:name
		ADDED from AndroidManifest.xml:16:13
intent-filter#android.intent.action.MAIN+android.intent.category.LAUNCHER
ADDED from AndroidManifest.xml:18:13
action#android.intent.action.MAIN
ADDED from AndroidManifest.xml:19:17
	android:name
		ADDED from AndroidManifest.xml:19:25
category#android.intent.category.LAUNCHER
ADDED from AndroidManifest.xml:20:17
	android:name
		ADDED from AndroidManifest.xml:20:27
activity#extended.cs.sdsu.edu.SelectedProfessorDetailsActivity
ADDED from AndroidManifest.xml:23:9
	android:label
		ADDED from AndroidManifest.xml:23:19
	android:name
		ADDED from AndroidManifest.xml:23:60
intent-filter#android.intent.category.DEFAULT+cs.assignment.intent.action.VIEW_PROFESSOR_DETAILS
ADDED from AndroidManifest.xml:24:13
action#cs.assignment.intent.action.VIEW_PROFESSOR_DETAILS
ADDED from AndroidManifest.xml:25:14
	android:name
		ADDED from AndroidManifest.xml:25:22
category#android.intent.category.DEFAULT
ADDED from AndroidManifest.xml:26:14
	android:name
		ADDED from AndroidManifest.xml:26:24
activity#extended.cs.sdsu.edu.RateProfessorActivity
ADDED from AndroidManifest.xml:29:9
	android:label
		ADDED from AndroidManifest.xml:29:19
	android:name
		ADDED from AndroidManifest.xml:29:57
intent-filter#android.intent.category.DEFAULT+cs.assignment.intent.action.RATE_PROFESSOR
ADDED from AndroidManifest.xml:30:13
action#cs.assignment.intent.action.RATE_PROFESSOR
ADDED from AndroidManifest.xml:31:17
	android:name
		ADDED from AndroidManifest.xml:31:25
activity#extended.cs.sdsu.edu.SuccessPage
ADDED from AndroidManifest.xml:35:10
	android:label
		ADDED from AndroidManifest.xml:35:20
	android:name
		ADDED from AndroidManifest.xml:35:48
intent-filter#android.intent.category.DEFAULT+cs.assignment.intent.action.SUCCESSFUL
ADDED from AndroidManifest.xml:36:13
action#cs.assignment.intent.action.SUCCESSFUL
ADDED from AndroidManifest.xml:37:17
	android:name
		ADDED from AndroidManifest.xml:37:25